<?xml version="1.0" encoding="UTF-8"?>
<!-- Generated by org.testng.reporters.JUnitReportReporter -->
<testsuite skipped="0" hostname="SaleJul" name="com.framework.tests.TheAppTest" tests="1" failures="0" timestamp="2020-02-11T16:20:02 CET" time="5.600" errors="0">
  <testcase name="simpleTest" time="5.600" classname="com.framework.tests.TheAppTest"/>
  <system-out/>
</testsuite> <!-- com.framework.tests.TheAppTest -->
