<?xml version="1.0" encoding="UTF-8"?>
<!-- Generated by org.testng.reporters.JUnitReportReporter -->
<testsuite skipped="0" hostname="SaleJul" name="com.framework.tests.ApiDemos" tests="1" failures="0" timestamp="2020-02-13T12:06:24 CET" time="7.986" errors="0">
  <testcase name="dragNDrop" time="7.986" classname="com.framework.tests.ApiDemos"/>
  <system-out/>
</testsuite> <!-- com.framework.tests.ApiDemos -->
