<?xml version="1.0" encoding="UTF-8"?>
<!-- Generated by org.testng.reporters.JUnitReportReporter -->
<testsuite skipped="0" hostname="SaleJul" name="com.framework.tests.CalcAppTest" tests="1" failures="0" timestamp="2020-02-07T17:15:56 CET" time="0.018" errors="0">
  <testcase name="simpleTest" time="0.018" classname="com.framework.tests.CalcAppTest"/>
  <system-out/>
</testsuite> <!-- com.framework.tests.CalcAppTest -->
